<?xml version="1.0" encoding="UTF-8"?>
<!-- Generated by org.testng.reporters.JUnitXMLReporter -->
<testsuite ignored="0" hostname="admin" failures="2" tests="10" name="Test" time="1.25" errors="0" timestamp="2020-08-04T10:03:07 IST">
  <testcase classname="com.testing.concepts.Sample" name="test1" time="0.167">
    <skipped/>
  </testcase> <!-- test1 -->
  <testcase classname="com.testing.concepts.Sample" name="test1" time="0.005">
    <skipped/>
  </testcase> <!-- test1 -->
  <testcase classname="com.testing.concepts.Sample" name="test1" time="0.003">
    <skipped/>
  </testcase> <!-- test1 -->
  <testcase classname="com.testing.concepts.Sample" name="test1" time="0.004">
    <skipped/>
  </testcase> <!-- test1 -->
  <testcase classname="com.testing.concepts.Sample" name="test1" time="0.004">
    <failure type="java.lang.AssertionError" message="expected [a] but found [A]">
      <![CDATA[java.lang.AssertionError: expected [a] but found [A]
at com.testing.concepts.Sample.test1(Sample.java:11)
at java.base/java.util.ArrayList.forEach(ArrayList.java:1511)
... Removed 32 stack frames]]>
    </failure>
  </testcase> <!-- test1 -->
  <testcase classname="com.testing.concepts.Sample" name="test2" time="0.006">
    <skipped/>
  </testcase> <!-- test2 -->
  <testcase classname="com.testing.concepts.Sample" name="test2" time="0.014">
    <skipped/>
  </testcase> <!-- test2 -->
  <testcase classname="com.testing.concepts.Sample" name="test2" time="0.011">
    <skipped/>
  </testcase> <!-- test2 -->
  <testcase classname="com.testing.concepts.Sample" name="test2" time="0.009">
    <skipped/>
  </testcase> <!-- test2 -->
  <testcase classname="com.testing.concepts.Sample" name="test2" time="0.004">
    <failure type="java.lang.AssertionError" message="expected [b] but found [B]">
      <![CDATA[java.lang.AssertionError: expected [b] but found [B]
at com.testing.concepts.Sample.test2(Sample.java:18)
at java.base/java.util.ArrayList.forEach(ArrayList.java:1511)
... Removed 32 stack frames]]>
    </failure>
  </testcase> <!-- test2 -->
</testsuite> <!-- Test -->
